#
# There is insufficient memory for the Java Runtime Environment to continue.
# Native memory allocation (malloc) failed to allocate 32744 bytes for ChunkPool::allocate
# Possible reasons:
#   The system is out of physical RAM or swap space
#   The process is running with CompressedOops enabled, and the Java Heap may be blocking the growth of the native heap
# Possible solutions:
#   Reduce memory load on the system
#   Increase physical memory or swap space
#   Check if swap backing store is full
#   Decrease Java heap size (-Xmx/-Xms)
#   Decrease number of Java threads
#   Decrease Java thread stack sizes (-Xss)
#   Set larger code cache with -XX:ReservedCodeCacheSize=
#   JVM is running with Unscaled Compressed Oops mode in which the Java heap is
#     placed in the first 4GB address space. The Java Heap base address is the
#     maximum limit for the native heap growth. Please use -XX:HeapBaseMinAddress
#     to set the Java Heap base and to place the Java Heap above 4GB virtual address.
# This output file may be truncated or incomplete.
#
#  Out of Memory Error (allocation.cpp:272), pid=12092, tid=0x0000000000003f0c
#
# JRE version: Java(TM) SE Runtime Environment (8.0_202-b08) (build 1.8.0_202-b08)
# Java VM: Java HotSpot(TM) 64-Bit Server VM (25.202-b08 mixed mode windows-amd64 compressed oops)
# Failed to write core dump. Minidumps are not enabled by default on client versions of Windows
#

---------------  T H R E A D  ---------------

Current thread (0x00000000193f4000):  JavaThread "C2 CompilerThread2" daemon [_thread_in_native, id=16140, stack(0x000000001ad30000,0x000000001ae30000)]

Stack: [0x000000001ad30000,0x000000001ae30000]
[error occurred during error reporting (printing stack bounds), id 0xc0000005]

Native frames: (J=compiled Java code, j=interpreted, Vv=VM code, C=native code)


Current CompileTask:
C2:    353   41       4       sun.security.provider.SHA2::implCompress (331 bytes)


---------------  P R O C E S S  ---------------

Java Threads: ( => current thread )
  0x00000000194a3800 JavaThread "Service Thread" daemon [_thread_blocked, id=8220, stack(0x000000001af30000,0x000000001b030000)]
  0x00000000193ff000 JavaThread "C1 CompilerThread3" daemon [_thread_in_native, id=8900, stack(0x000000001ae30000,0x000000001af30000)]
=>0x00000000193f4000 JavaThread "C2 CompilerThread2" daemon [_thread_in_native, id=16140, stack(0x000000001ad30000,0x000000001ae30000)]
  0x00000000193f3800 JavaThread "C2 CompilerThread1" daemon [_thread_blocked, id=15776, stack(0x000000001ac30000,0x000000001ad30000)]
  0x0000000019409000 JavaThread "C2 CompilerThread0" daemon [_thread_blocked, id=24692, stack(0x000000001ab30000,0x000000001ac30000)]
  0x0000000019364800 JavaThread "JDWP Command Reader" daemon [_thread_in_native, id=22684, stack(0x000000001aa30000,0x000000001ab30000)]
  0x0000000019359800 JavaThread "JDWP Event Helper Thread" daemon [_thread_blocked, id=13116, stack(0x000000001a930000,0x000000001aa30000)]
  0x0000000019356000 JavaThread "JDWP Transport Listener: dt_socket" daemon [_thread_blocked, id=13316, stack(0x000000001a830000,0x000000001a930000)]
  0x000000001934b000 JavaThread "Attach Listener" daemon [_thread_blocked, id=24468, stack(0x000000001a730000,0x000000001a830000)]
  0x00000000192f9000 JavaThread "Signal Dispatcher" daemon [_thread_blocked, id=19176, stack(0x000000001a630000,0x000000001a730000)]
  0x0000000002add800 JavaThread "Finalizer" daemon [_thread_blocked, id=21000, stack(0x000000001a530000,0x000000001a630000)]
  0x00000000192d3000 JavaThread "Reference Handler" daemon [_thread_blocked, id=15668, stack(0x000000001a430000,0x000000001a530000)]
  0x000000000233e800 JavaThread "main" [_thread_in_Java, id=13856, stack(0x0000000002700000,0x0000000002800000)]

Other Threads:
  0x0000000017be6800 VMThread [stack: 0x000000001a330000,0x000000001a430000] [id=11500]
  0x00000000194f6800 WatcherThread [stack: 0x000000001b030000,0x000000001b130000] [id=17904]

VM state:not at safepoint (normal execution)

VM Mutex/Monitor currently owned by a thread: None

heap address: 0x0000000082400000, size: 2012 MB, Compressed Oops mode: 32-bit
Narrow klass base: 0x0000000000000000, Narrow klass shift: 3
Compressed class space size: 1073741824 Address: 0x0000000100000000

Heap:
 PSYoungGen      total 37888K, used 5918K [0x00000000d6180000, 0x00000000d8b80000, 0x0000000100000000)
  eden space 32768K, 18% used [0x00000000d6180000,0x00000000d67479f0,0x00000000d8180000)
  from space 5120K, 0% used [0x00000000d8680000,0x00000000d8680000,0x00000000d8b80000)
  to   space 5120K, 0% used [0x00000000d8180000,0x00000000d8180000,0x00000000d8680000)
 ParOldGen       total 86016K, used 0K [0x0000000082400000, 0x0000000087800000, 0x00000000d6180000)
  object space 86016K, 0% used [0x0000000082400000,0x0000000082400000,0x0000000087800000)
 Metaspace       used 4633K, capacity 4732K, committed 4864K, reserved 1056768K
  class space    used 493K, capacity 496K, committed 512K, reserved 1048576K

Card table byte_map: [0x0000000011ea0000,0x0000000012290000] byte_map_base: 0x0000000011a8e000

Marking Bits: (ParMarkBitMap*) 0x0000000067a45ce0
 Begin Bits: [0x0000000012f30000, 0x0000000014ea0000)
 End Bits:   [0x0000000014ea0000, 0x0000000016e10000)

Polling page: 0x0000000000570000

CodeCache: size=245760Kb used=1193Kb max_used=1193Kb free=244566Kb
 bounds [0x0000000002ae0000, 0x0000000002d50000, 0x0000000011ae0000]
 total_blobs=322 nmethods=53 adapters=191
 compilation: enabled

Compilation events (10 events):
Event: 0.337 Thread 0x00000000193ff000 nmethod 40 0x0000000002bfeb90 code [0x0000000002bfedc0, 0x0000000002bffb68]
Event: 0.343 Thread 0x0000000019409000 nmethod 31% 0x0000000002c00210 code [0x0000000002c00380, 0x0000000002c01118]
Event: 0.343 Thread 0x00000000193f4000   41       4       sun.security.provider.SHA2::implCompress (331 bytes)
Event: 0.343 Thread 0x00000000193ff000   42       3       java.lang.String::<init> (82 bytes)
Event: 0.343 Thread 0x00000000193ff000 nmethod 42 0x0000000002bfaed0 code [0x0000000002bfb0a0, 0x0000000002bfb5d8]
Event: 0.348 Thread 0x00000000193ff000   46       3       java.lang.StringBuilder::append (8 bytes)
Event: 0.348 Thread 0x00000000193ff000 nmethod 46 0x0000000002bf8f10 code [0x0000000002bf9080, 0x0000000002bf9228]
Event: 0.348 Thread 0x00000000193ff000   44       3       java.util.Vector::ensureCapacityHelper (16 bytes)
Event: 0.348 Thread 0x00000000193ff000 nmethod 44 0x0000000002bf8b10 code [0x0000000002bf8c80, 0x0000000002bf8e68]
Event: 0.348 Thread 0x00000000193ff000   47       3       sun.nio.cs.UTF_8$Decoder::decode (779 bytes)

GC Heap History (0 events):
No events

Deoptimization events (0 events):
No events

Classes redefined (0 events):
No events

Internal exceptions (2 events):
Event: 0.038 Thread 0x000000000233e800 Exception <a 'java/lang/NoSuchMethodError': Method sun.misc.Unsafe.defineClass(Ljava/lang/String;[BII)Ljava/lang/Class; name or signature does not match> (0x00000000d6187cb0) thrown at [C:\re\workspace\8-2-build-windows-amd64-cygwin\jdk8u202\12323\hotspot
Event: 0.038 Thread 0x000000000233e800 Exception <a 'java/lang/NoSuchMethodError': Method sun.misc.Unsafe.prefetchRead(Ljava/lang/Object;J)V name or signature does not match> (0x00000000d6187f98) thrown at [C:\re\workspace\8-2-build-windows-amd64-cygwin\jdk8u202\12323\hotspot\src\share\vm\prim

Events (10 events):
Event: 0.344 loading class java/lang/AssertionError
Event: 0.344 loading class java/lang/AssertionError done
Event: 0.346 loading class java/lang/UnsupportedOperationException
Event: 0.346 loading class java/lang/UnsupportedOperationException done
Event: 0.346 loading class org/eclipse/jdt/launching/internal/org/objectweb/asm/FieldVisitor
Event: 0.346 loading class org/eclipse/jdt/launching/internal/org/objectweb/asm/FieldVisitor done
Event: 0.348 loading class org/eclipse/jdt/launching/internal/org/objectweb/asm/FieldWriter
Event: 0.348 loading class org/eclipse/jdt/launching/internal/org/objectweb/asm/FieldWriter done
Event: 0.349 loading class org/eclipse/jdt/launching/internal/org/objectweb/asm/MethodVisitor
Event: 0.349 loading class org/eclipse/jdt/launching/internal/org/objectweb/asm/MethodVisitor done


Dynamic libraries:
0x00007ff799110000 - 0x00007ff799147000 	C:\Program Files\Java\jdk1.8.0_202\bin\javaw.exe
0x00007ff923640000 - 0x00007ff92382d000 	C:\Windows\SYSTEM32\ntdll.dll
0x00007ff921780000 - 0x00007ff921833000 	C:\Windows\System32\KERNEL32.DLL
0x00007ff91fb60000 - 0x00007ff91fdf3000 	C:\Windows\System32\KERNELBASE.dll
0x00007ff921340000 - 0x00007ff9213e3000 	C:\Windows\System32\ADVAPI32.dll
0x00007ff920d90000 - 0x00007ff920e2e000 	C:\Windows\System32\msvcrt.dll
0x00007ff923480000 - 0x00007ff92351e000 	C:\Windows\System32\sechost.dll
0x00007ff920c60000 - 0x00007ff920d82000 	C:\Windows\System32\RPCRT4.dll
0x00007ff920e90000 - 0x00007ff921027000 	C:\Windows\System32\USER32.dll
0x00007ff91f880000 - 0x00007ff91f8a0000 	C:\Windows\System32\win32u.dll
0x00007ff9211c0000 - 0x00007ff9211e9000 	C:\Windows\System32\GDI32.dll
0x00007ff91f9a0000 - 0x00007ff91fb39000 	C:\Windows\System32\gdi32full.dll
0x00007ff91fe30000 - 0x00007ff91fed0000 	C:\Windows\System32\msvcp_win.dll
0x00007ff91f8a0000 - 0x00007ff91f99a000 	C:\Windows\System32\ucrtbase.dll
0x00007ff90bce0000 - 0x00007ff90bf59000 	C:\Windows\WinSxS\amd64_microsoft.windows.common-controls_6595b64144ccf1df_6.0.17763.973_none_05b245900721eb81\COMCTL32.dll
0x00007ff921450000 - 0x00007ff92177c000 	C:\Windows\System32\combase.dll
0x00007ff91f750000 - 0x00007ff91f7ce000 	C:\Windows\System32\bcryptPrimitives.dll
0x00007ff9235e0000 - 0x00007ff92360e000 	C:\Windows\System32\IMM32.DLL
0x0000000067060000 - 0x0000000067132000 	C:\Program Files\Java\jdk1.8.0_202\jre\bin\msvcr100.dll
0x0000000067220000 - 0x0000000067ac5000 	C:\Program Files\Java\jdk1.8.0_202\jre\bin\server\jvm.dll
0x00007ff9235d0000 - 0x00007ff9235d8000 	C:\Windows\System32\PSAPI.DLL
0x00007ff91b8c0000 - 0x00007ff91b8e4000 	C:\Windows\SYSTEM32\WINMM.dll
0x00007ff913af0000 - 0x00007ff913afa000 	C:\Windows\SYSTEM32\VERSION.dll
0x00007ff91a000000 - 0x00007ff91a009000 	C:\Windows\SYSTEM32\WSOCK32.dll
0x00007ff9211f0000 - 0x00007ff92125d000 	C:\Windows\System32\WS2_32.dll
0x00007ff91b890000 - 0x00007ff91b8bd000 	C:\Windows\SYSTEM32\winmmbase.dll
0x00007ff91f700000 - 0x00007ff91f74a000 	C:\Windows\System32\cfgmgr32.dll
0x00007ff919ff0000 - 0x00007ff919fff000 	C:\Program Files\Java\jdk1.8.0_202\jre\bin\verify.dll
0x00007ff904dd0000 - 0x00007ff904df9000 	C:\Program Files\Java\jdk1.8.0_202\jre\bin\java.dll
0x00007ff904d20000 - 0x00007ff904d55000 	C:\Program Files\Java\jdk1.8.0_202\jre\bin\jdwp.dll
0x00007ff90b790000 - 0x00007ff90b798000 	C:\Program Files\Java\jdk1.8.0_202\jre\bin\npt.dll
0x00007ff904af0000 - 0x00007ff904b13000 	C:\Program Files\Java\jdk1.8.0_202\jre\bin\instrument.dll
0x00007ff90ba20000 - 0x00007ff90ba36000 	C:\Program Files\Java\jdk1.8.0_202\jre\bin\zip.dll
0x00007ff921e30000 - 0x00007ff923324000 	C:\Windows\System32\SHELL32.dll
0x00007ff923520000 - 0x00007ff9235c8000 	C:\Windows\System32\shcore.dll
0x00007ff91fed0000 - 0x00007ff92061d000 	C:\Windows\System32\windows.storage.dll
0x00007ff91f670000 - 0x00007ff91f694000 	C:\Windows\System32\profapi.dll
0x00007ff91f6a0000 - 0x00007ff91f6fd000 	C:\Windows\System32\powrprof.dll
0x00007ff9213f0000 - 0x00007ff921442000 	C:\Windows\System32\shlwapi.dll
0x00007ff91f630000 - 0x00007ff91f641000 	C:\Windows\System32\kernel.appcore.dll
0x00007ff91fb40000 - 0x00007ff91fb57000 	C:\Windows\System32\cryptsp.dll
0x00007ff90afa0000 - 0x00007ff90afa9000 	C:\Program Files\Java\jdk1.8.0_202\jre\bin\dt_socket.dll
0x00007ff908230000 - 0x00007ff908246000 	C:\Windows\system32\napinsp.dll
0x00007ff905ab0000 - 0x00007ff905aca000 	C:\Windows\system32\pnrpnsp.dll
0x00007ff91eea0000 - 0x00007ff91ef07000 	C:\Windows\System32\mswsock.dll
0x00007ff91ec00000 - 0x00007ff91ecc6000 	C:\Windows\SYSTEM32\DNSAPI.dll
0x00007ff921840000 - 0x00007ff921848000 	C:\Windows\System32\NSI.dll
0x00007ff91ebc0000 - 0x00007ff91ebfd000 	C:\Windows\SYSTEM32\IPHLPAPI.DLL
0x00007ff905dc0000 - 0x00007ff905dce000 	C:\Windows\System32\winrnr.dll
0x00007ff91b7a0000 - 0x00007ff91b7bb000 	C:\Windows\system32\NLAapi.dll
0x00007ff913250000 - 0x00007ff913265000 	C:\Windows\system32\wshbth.dll
0x00007ff910850000 - 0x00007ff9108c9000 	C:\Windows\System32\fwpuclnt.dll
0x00007ff91fe00000 - 0x00007ff91fe26000 	C:\Windows\System32\bcrypt.dll
0x00007ff90fff0000 - 0x00007ff90fffa000 	C:\Windows\System32\rasadhlp.dll

VM Arguments:
jvm_args: -agentlib:jdwp=transport=dt_socket,suspend=y,address=localhost:56926 -javaagent:C:\Users\memen\eclipse\java-2019-09\eclipse\configuration\org.eclipse.osgi\229\0\.cp\lib\javaagent-shaded.jar -Dfile.encoding=MS949 -Xbootclasspath:C:\Program Files\Java\jdk1.8.0_202\jre\lib\resources.jar;C:\Program Files\Java\jdk1.8.0_202\jre\lib\rt.jar;C:\Program Files\Java\jdk1.8.0_202\jre\lib\jsse.jar;C:\Program Files\Java\jdk1.8.0_202\jre\lib\jce.jar;C:\Program Files\Java\jdk1.8.0_202\jre\lib\charsets.jar;C:\Program Files\Java\jdk1.8.0_202\jre\lib\jfr.jar 
java_command: Main
java_class_path (initial): C:\Users\memen\eclipse-workspace\Backjooon_3190\bin;C:\Users\memen\eclipse\java-2019-09\eclipse\configuration\org.eclipse.osgi\229\0\.cp\lib\javaagent-shaded.jar
Launcher Type: SUN_STANDARD

Environment Variables:
JAVA_HOME=C:\Program Files\Java\jdk1.8.0_202
PATH=C:\Program Files\Java\jdk1.8.0_202\jre\bin;C:/Program Files/Java/jdk1.8.0_202/bin/../jre/bin/server;C:/Program Files/Java/jdk1.8.0_202/bin/../jre/bin;C:/Program Files/Java/jdk1.8.0_202/bin/../jre/lib/amd64;C:\Program Files\Java\jdk1.8.0_202\bin;C:\Program Files (x86)\Common Files\Oracle\Java\javapath;C:\Miniconda3;C:\Miniconda3\Library\mingw-w64\bin;C:\Miniconda3\Library\usr\bin;C:\Miniconda3\Library\bin;C:\Miniconda3\Scripts;C:\Windows\system32;C:\Windows;C:\Windows\System32\Wbem;C:\Windows\System32\WindowsPowerShell\v1.0\;C:\Windows\System32\OpenSSH\;C:\flex\GnuWin32\bin;C:\GnuWin32\Bison\bin;C:\Dev-Cpp\bin;c:\Program Files (x86)\Microsoft SQL Server\100\Tools\Binn\;c:\Program Files\Microsoft SQL Server\100\Tools\Binn\;c:\Program Files\Microsoft SQL Server\100\DTS\Binn\;C:\compiler;C:\Program Files\Git\cmd;C:\Users\memen;C:\Program Files\Java\jdk1.8.0_202;C:\Program Files\nodejs\;C:\Program Files\MySQL\MySQL Shell 8.0\bin\;C:\Users\memen\AppData\Local\atom\bin;C:\Users\memen\AppData\Roaming\npm;C:\Users\memen\eclipse\java-2019-09\eclipse;
USERNAME=memen
OS=Windows_NT
PROCESSOR_IDENTIFIER=Intel64 Family 6 Model 158 Stepping 10, GenuineIntel



---------------  S Y S T E M  ---------------

OS: Windows 10.0 , 64 bit Build 17763 (10.0.17763.475)

CPU:total 12 (initial active 12) (6 cores per cpu, 2 threads per core) family 6 model 158 stepping 10, cmov, cx8, fxsr, mmx, sse, sse2, sse3, ssse3, sse4.1, sse4.2, popcnt, avx, avx2, aes, clmul, erms, 3dnowpref, lzcnt, ht, tsc, tscinvbit, bmi1, bmi2, adx

Memory: 4k page, physical 8239996k(1905488k free), swap 12948140k(388k free)

vm_info: Java HotSpot(TM) 64-Bit Server VM (25.202-b08) for windows-amd64 JRE (1.8.0_202-b08), built on Dec 15 2018 19:54:30 by "java_re" with MS VC++ 10.0 (VS2010)

time: Tue Apr 14 01:48:25 2020
timezone: 대한민국 표준시
elapsed time: 0 seconds (0d 0h 0m 0s)

